2025-12-18 18:24:54,253 | INFO | DynamicDashboardTest | Test started: Dynamic Dashboard tab click
2025-12-18 18:24:54,257 | INFO | DynamicDashboardPage | Clicking on Dynamic Dashboard tab
2025-12-18 18:27:25,183 | INFO | DynamicDashboardTest | Test started: Dynamic Dashboard tab click
2025-12-18 18:27:25,184 | INFO | DynamicDashboardPage | Clicking on Dynamic Dashboard tab
2025-12-18 18:28:38,830 | INFO | DynamicDashboardTest | Test started: Dynamic Dashboard tab click
2025-12-18 18:28:38,831 | INFO | DynamicDashboardPage | Clicking on Dynamic Dashboard tab
2025-12-18 18:30:15,636 | INFO | DynamicDashboardTest | Test started: Dynamic Dashboard tab click
2025-12-18 18:30:15,637 | INFO | DynamicDashboardPage | Clicking on Dynamic Dashboard tab
2025-12-18 18:31:02,000 | INFO | DynamicDashboardTest | Test started: Dynamic Dashboard tab click
2025-12-18 18:31:02,002 | INFO | DynamicDashboardPage | Clicking on Dynamic Dashboard tab
2025-12-18 18:35:14,153 | INFO | DynamicDashboardTest | Test started: Dynamic Dashboard tab click
2025-12-18 18:35:14,154 | INFO | DynamicDashboardPage | Clicking on Dynamic Dashboard tab
2025-12-18 18:35:14,649 | INFO | DynamicDashboardPage | Clicked Dynamic Dashboard tab successfully
2025-12-18 18:35:14,650 | INFO | DynamicDashboardTest | Test completed: Dynamic Dashboard tab click
2025-12-18 18:39:33,113 | INFO | DynamicDashboardTest | Test started: Dynamic Dashboard tab click
2025-12-18 18:39:33,113 | INFO | DynamicDashboardPage | Clicking on Dynamic Dashboard tab
2025-12-18 18:42:28,518 | INFO | DynamicDashboardTest | Test started: Dynamic Dashboard tab click
2025-12-18 18:42:28,518 | INFO | DynamicDashboardPage | Clicking on Dynamic Dashboard tab
2025-12-18 18:43:39,365 | INFO | DynamicDashboardTest | Test started: Dynamic Dashboard tab click
2025-12-18 18:43:39,367 | INFO | DynamicDashboardPage | Clicking on Dynamic Dashboard tab
2025-12-18 18:44:28,660 | INFO | DynamicDashboardTest | Test started: Dynamic Dashboard tab click
2025-12-18 18:44:28,660 | INFO | DynamicDashboardPage | Clicking on Dynamic Dashboard tab
2025-12-18 18:45:59,576 | INFO | DynamicDashboardTest | Test started: Dynamic Dashboard tab click
2025-12-18 18:45:59,577 | INFO | DynamicDashboardPage | Clicking on Dynamic Dashboard tab
2025-12-18 18:52:55,877 | INFO | DynamicDashboardTest | Test started: fusion tab click
2025-12-18 18:52:55,878 | INFO | FusionAnalysisPage | Clicking on fusion tab
2025-12-18 18:53:00,282 | INFO | FusionAnalysisPage | Clicked fusion tab successfully
2025-12-18 18:53:00,283 | INFO | DynamicDashboardTest | Test completed: fusion tab click
