2025-12-19 15:13:45,697 | INFO | DynamicDashboardTest | Test started: fusion tab click
2025-12-19 15:13:45,698 | INFO | FusionAnalysisPage | Clicking on fusion tab
2025-12-19 15:14:11,181 | INFO | DynamicDashboardTest | Test started: fusion tab click
2025-12-19 15:14:11,182 | INFO | FusionAnalysisPage | Clicking on fusion tab
2025-12-19 15:14:16,003 | INFO | FusionAnalysisPage | Clicked fusion tab successfully
2025-12-19 15:14:16,004 | INFO | DynamicDashboardTest | Test completed: fusion tab click
2025-12-19 15:14:51,335 | INFO | DynamicDashboardTest | Test started: fusion tab click
2025-12-19 15:14:51,336 | INFO | FusionAnalysisPage | Clicking on fusion tab
2025-12-19 15:14:56,033 | INFO | FusionAnalysisPage | Clicked fusion tab successfully
2025-12-19 15:14:56,034 | INFO | DynamicDashboardTest | Test completed: fusion tab click
2025-12-19 15:15:17,004 | INFO | DynamicDashboardTest | Test started: fusion tab click
2025-12-19 15:15:17,005 | INFO | FusionAnalysisPage | Clicking on fusion tab
2025-12-19 15:15:51,391 | INFO | DynamicDashboardTest | Test started: fusion tab click
2025-12-19 15:15:51,392 | INFO | FusionAnalysisPage | Clicking on fusion tab
2025-12-19 15:16:17,624 | INFO | DynamicDashboardTest | Test started: fusion tab click
2025-12-19 15:16:17,627 | INFO | FusionAnalysisPage | Clicking on fusion tab
2025-12-19 15:16:36,425 | INFO | DynamicDashboardTest | Test started: fusion tab click
2025-12-19 15:16:36,426 | INFO | FusionAnalysisPage | Clicking on fusion tab
2025-12-19 15:16:41,480 | INFO | FusionAnalysisPage | Clicked fusion tab successfully
2025-12-19 15:16:41,480 | INFO | DynamicDashboardTest | Test completed: fusion tab click
2025-12-19 15:25:42,128 | INFO | DynamicDashboardTest | Test started: Dynamic Dashboard tab click
2025-12-19 15:25:42,129 | INFO | DynamicDashboardPage | Clicking on Dynamic Dashboard tab
2025-12-19 15:29:16,784 | INFO | DynamicDashboardTest | Test started: Dynamic Dashboard tab click
2025-12-19 15:29:16,787 | INFO | DynamicDashboardPage | Clicking on Dynamic Dashboard tab
2025-12-19 15:29:21,164 | INFO | DynamicDashboardPage | Clicked Dynamic Dashboard tab successfully
2025-12-19 15:29:21,165 | INFO | DynamicDashboardTest | Test completed: Dynamic Dashboard tab click
2025-12-19 15:29:42,044 | INFO | DynamicDashboardTest | Test started: fusion tab click
2025-12-19 15:29:42,044 | INFO | FusionAnalysisPage | Clicking on fusion tab
2025-12-19 15:29:47,127 | INFO | FusionAnalysisPage | Clicked fusion tab successfully
2025-12-19 15:29:47,127 | INFO | DynamicDashboardTest | Test completed: fusion tab click
2025-12-19 15:29:47,540 | INFO | DynamicDashboardTest | Test started: Dynamic Dashboard tab click
2025-12-19 15:29:47,542 | INFO | DynamicDashboardPage | Clicking on Dynamic Dashboard tab
2025-12-19 15:29:48,442 | INFO | DynamicDashboardPage | Clicked Dynamic Dashboard tab successfully
2025-12-19 15:29:48,442 | INFO | DynamicDashboardTest | Test completed: Dynamic Dashboard tab click
2025-12-19 16:00:00,214 | INFO | DynamicDashboardTest | Test started: fusion tab click
2025-12-19 16:00:00,215 | INFO | FusionAnalysisPage | Clicking on fusion tab
2025-12-19 16:00:11,031 | INFO | DynamicDashboardTest | Test started: Dynamic Dashboard tab click
2025-12-19 16:00:11,032 | INFO | DynamicDashboardPage | Clicking on Dynamic Dashboard tab
2025-12-19 16:00:53,128 | INFO | DynamicDashboardTest | Test started: fusion tab click
2025-12-19 16:00:53,130 | INFO | FusionAnalysisPage | Clicking on fusion tab
2025-12-19 16:00:58,113 | INFO | FusionAnalysisPage | Clicked fusion tab successfully
2025-12-19 16:00:58,114 | INFO | DynamicDashboardTest | Test completed: fusion tab click
2025-12-19 16:00:58,450 | INFO | DynamicDashboardTest | Test started: Dynamic Dashboard tab click
2025-12-19 16:00:58,452 | INFO | DynamicDashboardPage | Clicking on Dynamic Dashboard tab
2025-12-19 16:00:59,368 | INFO | DynamicDashboardPage | Clicked Dynamic Dashboard tab successfully
2025-12-19 16:00:59,369 | INFO | DynamicDashboardTest | Test completed: Dynamic Dashboard tab click
2025-12-19 18:20:11,995 | INFO | DynamicDashboardTest | Test started: fusion tab click
2025-12-19 18:20:11,997 | INFO | FusionAnalysisPage | Clicking on fusion tab
2025-12-19 18:20:22,932 | INFO | DynamicDashboardTest | Test started: Dynamic Dashboard tab click
2025-12-19 18:20:22,934 | INFO | DynamicDashboardPage | Clicking on Dynamic Dashboard tab
2025-12-19 18:20:44,897 | INFO | DynamicDashboardTest | Test started: fusion tab click
2025-12-19 18:20:44,899 | INFO | FusionAnalysisPage | Clicking on fusion tab
2025-12-19 18:20:55,684 | INFO | DynamicDashboardTest | Test started: Dynamic Dashboard tab click
2025-12-19 18:20:55,688 | INFO | DynamicDashboardPage | Clicking on Dynamic Dashboard tab
2025-12-19 18:21:23,291 | INFO | DynamicDashboardTest | Test started: fusion tab click
2025-12-19 18:21:23,293 | INFO | FusionAnalysisPage | Clicking on fusion tab
2025-12-19 18:21:27,756 | INFO | FusionAnalysisPage | Clicked fusion tab successfully
2025-12-19 18:21:27,756 | INFO | DynamicDashboardTest | Test completed: fusion tab click
2025-12-19 18:21:28,185 | INFO | DynamicDashboardTest | Test started: Dynamic Dashboard tab click
2025-12-19 18:21:28,186 | INFO | DynamicDashboardPage | Clicking on Dynamic Dashboard tab
2025-12-19 18:21:28,764 | INFO | DynamicDashboardPage | Clicked Dynamic Dashboard tab successfully
2025-12-19 18:21:28,765 | INFO | DynamicDashboardTest | Test completed: Dynamic Dashboard tab click
