2025-12-22 15:55:32,225 | INFO | DynamicDashboardTest | Test started: fusion tab click
2025-12-22 15:55:32,226 | INFO | FusionAnalysisPage | Clicking on fusion tab
2025-12-22 15:55:43,101 | INFO | DynamicDashboardTest | Test started: Dynamic Dashboard tab click
2025-12-22 15:55:43,102 | INFO | DynamicDashboardPage | Clicking on Dynamic Dashboard tab
2025-12-22 15:56:13,628 | INFO | DynamicDashboardTest | Test started: fusion tab click
2025-12-22 15:56:13,629 | INFO | FusionAnalysisPage | Clicking on fusion tab
2025-12-22 15:56:18,553 | INFO | FusionAnalysisPage | Clicked fusion tab successfully
2025-12-22 15:56:18,554 | INFO | DynamicDashboardTest | Test completed: fusion tab click
2025-12-22 15:56:19,067 | INFO | DynamicDashboardTest | Test started: Dynamic Dashboard tab click
2025-12-22 15:56:19,068 | INFO | DynamicDashboardPage | Clicking on Dynamic Dashboard tab
2025-12-22 15:57:37,696 | INFO | DynamicDashboardTest | Test started: fusion tab click
2025-12-22 15:57:37,698 | INFO | FusionAnalysisPage | Clicking on fusion tab
2025-12-22 15:57:48,489 | INFO | DynamicDashboardTest | Test started: Dynamic Dashboard tab click
2025-12-22 15:57:48,490 | INFO | DynamicDashboardPage | Clicking on Dynamic Dashboard tab
2025-12-22 15:58:06,678 | INFO | DynamicDashboardTest | Test started: fusion tab click
2025-12-22 15:58:06,680 | INFO | FusionAnalysisPage | Clicking on fusion tab
2025-12-22 15:58:17,021 | INFO | DynamicDashboardTest | Test started: Dynamic Dashboard tab click
2025-12-22 15:58:17,022 | INFO | DynamicDashboardPage | Clicking on Dynamic Dashboard tab
2025-12-22 15:58:36,750 | INFO | DynamicDashboardTest | Test started: fusion tab click
2025-12-22 15:58:36,751 | INFO | FusionAnalysisPage | Clicking on fusion tab
2025-12-22 15:58:41,491 | INFO | FusionAnalysisPage | Clicked fusion tab successfully
2025-12-22 15:58:41,491 | INFO | DynamicDashboardTest | Test completed: fusion tab click
2025-12-22 15:58:41,871 | INFO | DynamicDashboardTest | Test started: Dynamic Dashboard tab click
2025-12-22 15:58:41,871 | INFO | DynamicDashboardPage | Clicking on Dynamic Dashboard tab
2025-12-22 15:59:05,476 | INFO | DynamicDashboardTest | Test started: fusion tab click
2025-12-22 15:59:05,478 | INFO | FusionAnalysisPage | Clicking on fusion tab
2025-12-22 15:59:15,927 | INFO | DynamicDashboardTest | Test started: Dynamic Dashboard tab click
2025-12-22 15:59:15,927 | INFO | DynamicDashboardPage | Clicking on Dynamic Dashboard tab
2025-12-22 15:59:45,355 | INFO | DynamicDashboardTest | Test started: fusion tab click
2025-12-22 15:59:45,358 | INFO | FusionAnalysisPage | Clicking on fusion tab
2025-12-22 15:59:56,068 | INFO | DynamicDashboardTest | Test started: Dynamic Dashboard tab click
2025-12-22 15:59:56,070 | INFO | DynamicDashboardPage | Clicking on Dynamic Dashboard tab
2025-12-22 16:01:45,962 | INFO | DynamicDashboardTest | Test started: fusion tab click
2025-12-22 16:01:45,963 | INFO | FusionAnalysisPage | Clicking on fusion tab
2025-12-22 16:01:56,645 | INFO | DynamicDashboardTest | Test started: Dynamic Dashboard tab click
2025-12-22 16:01:56,646 | INFO | DynamicDashboardPage | Clicking on Dynamic Dashboard tab
2025-12-22 16:02:23,208 | INFO | DynamicDashboardTest | Test started: fusion tab click
2025-12-22 16:02:23,210 | INFO | FusionAnalysisPage | Clicking on fusion tab
2025-12-22 16:02:28,081 | INFO | FusionAnalysisPage | Clicked fusion tab successfully
2025-12-22 16:02:28,082 | INFO | DynamicDashboardTest | Test completed: fusion tab click
2025-12-22 16:02:28,677 | INFO | DynamicDashboardTest | Test started: Dynamic Dashboard tab click
2025-12-22 16:02:28,678 | INFO | DynamicDashboardPage | Clicking on Dynamic Dashboard tab
2025-12-22 16:02:37,916 | INFO | DynamicDashboardPage | Clicked Dynamic Dashboard tab successfully
2025-12-22 16:02:37,916 | INFO | DynamicDashboardTest | Test completed: Dynamic Dashboard tab click
2025-12-22 16:09:34,164 | INFO | DynamicDashboardTest | Test started: fusion tab click
2025-12-22 16:09:34,165 | INFO | FusionAnalysisPage | Clicking on fusion tab
2025-12-22 16:09:46,919 | INFO | FusionAnalysisPage | Clicked fusion tab successfully
2025-12-22 16:09:46,919 | INFO | DynamicDashboardTest | Test completed: fusion tab click
2025-12-22 16:09:47,332 | INFO | DynamicDashboardTest | Test started: Dynamic Dashboard tab click
2025-12-22 16:09:47,332 | INFO | DynamicDashboardPage | Clicking on Dynamic Dashboard tab
2025-12-22 16:13:08,204 | INFO | DynamicDashboardTest | Test started: fusion tab click
2025-12-22 16:13:08,205 | INFO | FusionAnalysisPage | Clicking on fusion tab
2025-12-22 16:13:13,099 | INFO | FusionAnalysisPage | Clicked fusion tab successfully
2025-12-22 16:13:13,099 | INFO | DynamicDashboardTest | Test completed: fusion tab click
2025-12-22 16:13:13,498 | INFO | DynamicDashboardTest | Test started: Dynamic Dashboard tab click
2025-12-22 16:13:13,499 | INFO | DynamicDashboardPage | Clicking on Dynamic Dashboard tab
2025-12-22 16:13:14,565 | INFO | DynamicDashboardPage | Clicked Dynamic Dashboard tab successfully
2025-12-22 16:13:14,565 | INFO | DynamicDashboardTest | Test completed: Dynamic Dashboard tab click
2025-12-22 16:16:06,583 | INFO | DynamicDashboardTest | Test started: fusion tab click
2025-12-22 16:16:06,585 | INFO | FusionAnalysisPage | Clicking on fusion tab
2025-12-22 16:16:16,970 | INFO | DynamicDashboardTest | Test started: Dynamic Dashboard tab click
2025-12-22 16:16:16,970 | INFO | DynamicDashboardPage | Clicking on Dynamic Dashboard tab
2025-12-22 16:16:26,249 | INFO | DynamicDashboardPage | Clicked Dynamic Dashboard tab successfully
2025-12-22 16:16:26,250 | INFO | DynamicDashboardTest | Test completed: Dynamic Dashboard tab click
2025-12-22 16:16:48,759 | INFO | DynamicDashboardTest | Test started: fusion tab click
2025-12-22 16:16:48,760 | INFO | FusionAnalysisPage | Clicking on fusion tab
2025-12-22 16:16:53,248 | INFO | FusionAnalysisPage | Clicked fusion tab successfully
2025-12-22 16:16:53,248 | INFO | DynamicDashboardTest | Test completed: fusion tab click
2025-12-22 16:16:53,657 | INFO | DynamicDashboardTest | Test started: Dynamic Dashboard tab click
2025-12-22 16:16:53,658 | INFO | DynamicDashboardPage | Clicking on Dynamic Dashboard tab
2025-12-22 16:17:26,369 | INFO | DynamicDashboardTest | Test started: fusion tab click
2025-12-22 16:17:26,370 | INFO | FusionAnalysisPage | Clicking on fusion tab
2025-12-22 16:17:36,852 | INFO | DynamicDashboardTest | Test started: Dynamic Dashboard tab click
2025-12-22 16:17:36,852 | INFO | DynamicDashboardPage | Clicking on Dynamic Dashboard tab
2025-12-22 16:17:42,294 | INFO | DynamicDashboardPage | Clicked Dynamic Dashboard tab successfully
2025-12-22 16:17:42,295 | INFO | DynamicDashboardTest | Test completed: Dynamic Dashboard tab click
2025-12-22 16:17:59,301 | INFO | DynamicDashboardTest | Test started: fusion tab click
2025-12-22 16:17:59,301 | INFO | FusionAnalysisPage | Clicking on fusion tab
2025-12-22 16:18:03,911 | INFO | FusionAnalysisPage | Clicked fusion tab successfully
2025-12-22 16:18:03,911 | INFO | DynamicDashboardTest | Test completed: fusion tab click
2025-12-22 16:18:04,368 | INFO | DynamicDashboardTest | Test started: Dynamic Dashboard tab click
2025-12-22 16:18:04,369 | INFO | DynamicDashboardPage | Clicking on Dynamic Dashboard tab
2025-12-22 16:18:38,005 | INFO | DynamicDashboardTest | Test started: fusion tab click
2025-12-22 16:18:38,006 | INFO | FusionAnalysisPage | Clicking on fusion tab
2025-12-22 16:18:42,721 | INFO | FusionAnalysisPage | Clicked fusion tab successfully
2025-12-22 16:18:42,722 | INFO | DynamicDashboardTest | Test completed: fusion tab click
2025-12-22 16:18:43,067 | INFO | DynamicDashboardTest | Test started: Dynamic Dashboard tab click
2025-12-22 16:18:43,067 | INFO | DynamicDashboardPage | Clicking on Dynamic Dashboard tab
2025-12-22 16:25:48,946 | INFO | DynamicDashboardTest | Test started: fusion tab click
2025-12-22 16:25:48,947 | INFO | FusionAnalysisPage | Clicking on fusion tab
2025-12-22 16:25:59,339 | INFO | DynamicDashboardTest | Test started: Dynamic Dashboard tab click
2025-12-22 16:25:59,340 | INFO | DynamicDashboardPage | Clicking on Dynamic Dashboard tab
2025-12-22 16:26:25,267 | INFO | DynamicDashboardTest | Test started: fusion tab click
2025-12-22 16:26:25,268 | INFO | FusionAnalysisPage | Clicking on fusion tab
2025-12-22 16:26:35,927 | INFO | DynamicDashboardTest | Test started: Dynamic Dashboard tab click
2025-12-22 16:26:35,928 | INFO | DynamicDashboardPage | Clicking on Dynamic Dashboard tab
2025-12-22 16:28:26,536 | INFO | DynamicDashboardTest | Test started: fusion tab click
2025-12-22 16:28:26,537 | INFO | FusionAnalysisPage | Clicking on fusion tab
2025-12-22 16:28:36,879 | INFO | DynamicDashboardTest | Test started: Dynamic Dashboard tab click
2025-12-22 16:28:36,879 | INFO | DynamicDashboardPage | Clicking on Dynamic Dashboard tab
2025-12-22 16:32:53,151 | INFO | DynamicDashboardTest | Test started: fusion tab click
2025-12-22 16:32:53,154 | INFO | FusionAnalysisPage | Clicking on fusion tab
2025-12-22 16:33:21,761 | INFO | DynamicDashboardTest | Test started: fusion tab click
2025-12-22 16:33:21,764 | INFO | FusionAnalysisPage | Clicking on fusion tab
2025-12-22 16:33:26,034 | INFO | FusionAnalysisPage | Clicked fusion tab successfully
2025-12-22 16:33:26,035 | INFO | DynamicDashboardTest | Test completed: fusion tab click
2025-12-22 16:35:16,926 | INFO | DynamicDashboardTest | Test started: fusion tab click
2025-12-22 16:35:16,927 | INFO | FusionAnalysisPage | Clicking on fusion tab
2025-12-22 16:35:37,760 | INFO | DynamicDashboardTest | Test started: Dynamic Dashboard tab click
2025-12-22 16:35:37,761 | INFO | DynamicDashboardPage | Clicking on Dynamic Dashboard tab
2025-12-22 16:36:45,271 | INFO | DynamicDashboardTest | Test started: fusion tab click
2025-12-22 16:36:45,271 | INFO | FusionAnalysisPage | Clicking on fusion tab
2025-12-22 16:36:49,762 | INFO | FusionAnalysisPage | Clicked fusion tab successfully
2025-12-22 16:36:49,763 | INFO | DynamicDashboardTest | Test completed: fusion tab click
2025-12-22 16:39:42,958 | INFO | DynamicDashboardTest | Test started: fusion tab click
2025-12-22 16:39:42,959 | INFO | FusionAnalysisPage | Clicking on fusion tab
2025-12-22 16:39:47,282 | INFO | FusionAnalysisPage | Clicked fusion tab successfully
2025-12-22 16:39:47,282 | INFO | DynamicDashboardTest | Test completed: fusion tab click
2025-12-22 16:39:47,448 | INFO | DynamicDashboardTest | Test started: Dynamic Dashboard tab click
2025-12-22 16:39:47,449 | INFO | DynamicDashboardPage | Clicking on Dynamic Dashboard tab
2025-12-22 16:49:06,123 | INFO | DynamicDashboardTest | Test started: fusion tab click
2025-12-22 16:49:06,125 | INFO | FusionAnalysisPage | Clicking on fusion tab
2025-12-22 16:49:26,772 | INFO | DynamicDashboardTest | Test started: Dynamic Dashboard tab click
2025-12-22 16:49:26,773 | INFO | DynamicDashboardPage | Clicking on Dynamic Dashboard tab
2025-12-22 16:50:10,294 | INFO | DynamicDashboardTest | Test started: fusion tab click
2025-12-22 16:50:10,295 | INFO | FusionAnalysisPage | Clicking on fusion tab
2025-12-22 16:50:15,044 | INFO | FusionAnalysisPage | Clicked fusion tab successfully
2025-12-22 16:50:15,045 | INFO | DynamicDashboardTest | Test completed: fusion tab click
2025-12-22 17:00:32,875 | INFO | DynamicDashboardTest | Test started: fusion tab click
2025-12-22 17:00:32,877 | INFO | FusionAnalysisPage | Clicking on fusion tab
2025-12-22 17:00:37,220 | INFO | FusionAnalysisPage | Clicked fusion tab successfully
2025-12-22 17:00:37,220 | INFO | DynamicDashboardTest | Test completed: fusion tab click
2025-12-22 17:03:31,480 | INFO | DynamicDashboardTest | Test started: fusion tab click
2025-12-22 17:03:31,481 | INFO | FusionAnalysisPage | Clicking on fusion tab
2025-12-22 18:34:07,948 | INFO | DynamicDashboardTest | Test started: fusion tab click
2025-12-22 18:34:07,948 | INFO | FusionAnalysisPage | Clicking on fusion tab
2025-12-22 18:35:59,765 | INFO | DynamicDashboardTest | Test started: fusion tab click
2025-12-22 18:35:59,767 | INFO | FusionAnalysisPage | Clicking on fusion tab
2025-12-22 18:39:10,201 | INFO | DynamicDashboardTest | Test started: fusion tab click
2025-12-22 18:39:10,202 | INFO | FusionAnalysisPage | Clicking on fusion tab
